# JRE version: OpenJDK Runtime Environment (8.0_242-b01) (build 1.8.0_242-release-1644-b01)
# Java VM: OpenJDK 64-Bit Server VM (25.242-b01 mixed mode windows-amd64 compressed oops)
Heap:
 PSYoungGen      total 148480K, used 66913K [0x00000000d5580000, 0x00000000e0180000, 0x0000000100000000)
  eden space 123904K, 34% used [0x00000000d5580000,0x00000000d7f98a88,0x00000000dce80000)
  from space 24576K, 96% used [0x00000000dce80000,0x00000000de5bfca8,0x00000000de680000)
  to   space 26112K, 0% used [0x00000000de680000,0x00000000de680000,0x00000000e0000000)
 ParOldGen       total 98816K, used 63267K [0x0000000080000000, 0x0000000086080000, 0x00000000d5580000)
  object space 98816K, 64% used [0x0000000080000000,0x0000000083dc8d58,0x0000000086080000)
 Metaspace       used 78993K, capacity 82534K, committed 82712K, reserved 1120256K
  class space    used 10564K, capacity 11225K, committed 11312K, reserved 1048576K
GC Heap History (10 events):
Event: 26.747 GC heap before
{Heap before GC invocations=22 (full 3):
 PSYoungGen      total 109056K, used 106736K [0x00000000d5580000, 0x00000000dd180000, 0x0000000100000000)
  eden space 97280K, 100% used [0x00000000d5580000,0x00000000db480000,0x00000000db480000)
  from space 11776K, 80% used [0x00000000dc600000,0x00000000dcf3c310,0x00000000dd180000)
  to   space 14848K, 0% used [0x00000000db480000,0x00000000db480000,0x00000000dc300000)
 ParOldGen       total 98816K, used 32350K [0x0000000080000000, 0x0000000086080000, 0x00000000d5580000)
  object space 98816K, 32% used [0x0000000080000000,0x0000000081f979e0,0x0000000086080000)
 Metaspace       used 65765K, capacity 68858K, committed 69016K, reserved 1107968K
  class space    used 9017K, capacity 9632K, committed 9648K, reserved 1048576K
Event: 26.922 GC heap after
Heap after GC invocations=22 (full 3):
 PSYoungGen      total 112128K, used 14835K [0x00000000d5580000, 0x00000000de880000, 0x0000000100000000)
  eden space 97280K, 0% used [0x00000000d5580000,0x00000000d5580000,0x00000000db480000)
  from space 14848K, 99% used [0x00000000db480000,0x00000000dc2fccb0,0x00000000dc300000)
  to   space 19968K, 0% used [0x00000000dd500000,0x00000000dd500000,0x00000000de880000)
 ParOldGen       total 98816K, used 40973K [0x0000000080000000, 0x0000000086080000, 0x00000000d5580000)
  object space 98816K, 41% used [0x0000000080000000,0x00000000828037f0,0x0000000086080000)
 Metaspace       used 65765K, capacity 68858K, committed 69016K, reserved 1107968K
  class space    used 9017K, capacity 9632K, committed 9648K, reserved 1048576K
}
Event: 32.326 GC heap before
{Heap before GC invocations=23 (full 3):
 PSYoungGen      total 112128K, used 112115K [0x00000000d5580000, 0x00000000de880000, 0x0000000100000000)
  eden space 97280K, 100% used [0x00000000d5580000,0x00000000db480000,0x00000000db480000)
  from space 14848K, 99% used [0x00000000db480000,0x00000000dc2fccb0,0x00000000dc300000)
  to   space 19968K, 0% used [0x00000000dd500000,0x00000000dd500000,0x00000000de880000)
 ParOldGen       total 98816K, used 40973K [0x0000000080000000, 0x0000000086080000, 0x00000000d5580000)
  object space 98816K, 41% used [0x0000000080000000,0x00000000828037f0,0x0000000086080000)
 Metaspace       used 68217K, capacity 71316K, committed 71576K, reserved 1112064K
  class space    used 9278K, capacity 9895K, committed 9904K, reserved 1048576K
Event: 32.379 GC heap after
Heap after GC invocations=23 (full 3):
 PSYoungGen      total 129024K, used 15768K [0x00000000d5580000, 0x00000000dea00000, 0x0000000100000000)
  eden space 109056K, 0% used [0x00000000d5580000,0x00000000d5580000,0x00000000dc000000)
  from space 19968K, 78% used [0x00000000dd500000,0x00000000de466208,0x00000000de880000)
  to   space 21504K, 0% used [0x00000000dc000000,0x00000000dc000000,0x00000000dd500000)
 ParOldGen       total 98816K, used 45736K [0x0000000080000000, 0x0000000086080000, 0x00000000d5580000)
  object space 98816K, 46% used [0x0000000080000000,0x0000000082caa120,0x0000000086080000)
 Metaspace       used 68217K, capacity 71316K, committed 71576K, reserved 1112064K
  class space    used 9278K, capacity 9895K, committed 9904K, reserved 1048576K
}
Event: 35.482 GC heap before
{Heap before GC invocations=24 (full 3):
 PSYoungGen      total 129024K, used 124824K [0x00000000d5580000, 0x00000000dea00000, 0x0000000100000000)
  eden space 109056K, 100% used [0x00000000d5580000,0x00000000dc000000,0x00000000dc000000)
  from space 19968K, 78% used [0x00000000dd500000,0x00000000de466208,0x00000000de880000)
  to   space 21504K, 0% used [0x00000000dc000000,0x00000000dc000000,0x00000000dd500000)
 ParOldGen       total 98816K, used 45736K [0x0000000080000000, 0x0000000086080000, 0x00000000d5580000)
  object space 98816K, 46% used [0x0000000080000000,0x0000000082caa120,0x0000000086080000)
 Metaspace       used 71168K, capacity 74442K, committed 74520K, reserved 1114112K
  class space    used 9640K, capacity 10244K, committed 10288K, reserved 1048576K
Event: 35.575 GC heap after
Heap after GC invocations=24 (full 3):
 PSYoungGen      total 130560K, used 21488K [0x00000000d5580000, 0x00000000e0000000, 0x0000000100000000)
  eden space 109056K, 0% used [0x00000000d5580000,0x00000000d5580000,0x00000000dc000000)
  from space 21504K, 99% used [0x00000000dc000000,0x00000000dd4fc1b0,0x00000000dd500000)
  to   space 26112K, 0% used [0x00000000de680000,0x00000000de680000,0x00000000e0000000)
 ParOldGen       total 98816K, used 48342K [0x0000000080000000, 0x0000000086080000, 0x00000000d5580000)
  object space 98816K, 48% used [0x0000000080000000,0x0000000082f35b10,0x0000000086080000)
 Metaspace       used 71168K, capacity 74442K, committed 74520K, reserved 1114112K
  class space    used 9640K, capacity 10244K, committed 10288K, reserved 1048576K
}
Event: 41.953 GC heap before
{Heap before GC invocations=25 (full 3):
 PSYoungGen      total 130560K, used 130544K [0x00000000d5580000, 0x00000000e0000000, 0x0000000100000000)
  eden space 109056K, 100% used [0x00000000d5580000,0x00000000dc000000,0x00000000dc000000)
  from space 21504K, 99% used [0x00000000dc000000,0x00000000dd4fc1b0,0x00000000dd500000)
  to   space 26112K, 0% used [0x00000000de680000,0x00000000de680000,0x00000000e0000000)
 ParOldGen       total 98816K, used 48342K [0x0000000080000000, 0x0000000086080000, 0x00000000d5580000)
  object space 98816K, 48% used [0x0000000080000000,0x0000000082f35b10,0x0000000086080000)
 Metaspace       used 73481K, capacity 76858K, committed 77208K, reserved 1116160K
  class space    used 9889K, capacity 10546K, committed 10672K, reserved 1048576K
Event: 42.529 GC heap after
Heap after GC invocations=25 (full 3):
 PSYoungGen      total 150016K, used 11770K [0x00000000d5580000, 0x00000000e0180000, 0x0000000100000000)
  eden space 123904K, 0% used [0x00000000d5580000,0x00000000d5580000,0x00000000dce80000)
  from space 26112K, 45% used [0x00000000de680000,0x00000000df1fe898,0x00000000e0000000)
  to   space 24576K, 0% used [0x00000000dce80000,0x00000000dce80000,0x00000000de680000)
 ParOldGen       total 98816K, used 63259K [0x0000000080000000, 0x0000000086080000, 0x00000000d5580000)
  object space 98816K, 64% used [0x0000000080000000,0x0000000083dc6d58,0x0000000086080000)
 Metaspace       used 73481K, capacity 76858K, committed 77208K, reserved 1116160K
  class space    used 9889K, capacity 10546K, committed 10672K, reserved 1048576K
}
Event: 46.999 GC heap before
{Heap before GC invocations=26 (full 3):
 PSYoungGen      total 150016K, used 135674K [0x00000000d5580000, 0x00000000e0180000, 0x0000000100000000)
  eden space 123904K, 100% used [0x00000000d5580000,0x00000000dce80000,0x00000000dce80000)
  from space 26112K, 45% used [0x00000000de680000,0x00000000df1fe898,0x00000000e0000000)
  to   space 24576K, 0% used [0x00000000dce80000,0x00000000dce80000,0x00000000de680000)
 ParOldGen       total 98816K, used 63259K [0x0000000080000000, 0x0000000086080000, 0x00000000d5580000)
  object space 98816K, 64% used [0x0000000080000000,0x0000000083dc6d58,0x0000000086080000)
 Metaspace       used 78928K, capacity 82456K, committed 82712K, reserved 1120256K
  class space    used 10554K, capacity 11222K, committed 11312K, reserved 1048576K
Event: 47.135 GC heap after
Heap after GC invocations=26 (full 3):
 PSYoungGen      total 148480K, used 23807K [0x00000000d5580000, 0x00000000e0180000, 0x0000000100000000)
  eden space 123904K, 0% used [0x00000000d5580000,0x00000000d5580000,0x00000000dce80000)
  from space 24576K, 96% used [0x00000000dce80000,0x00000000de5bfca8,0x00000000de680000)
  to   space 26112K, 0% used [0x00000000de680000,0x00000000de680000,0x00000000e0000000)
 ParOldGen       total 98816K, used 63267K [0x0000000080000000, 0x0000000086080000, 0x00000000d5580000)
  object space 98816K, 64% used [0x0000000080000000,0x0000000083dc8d58,0x0000000086080000)
 Metaspace       used 78928K, capacity 82456K, committed 82712K, reserved 1120256K
  class space    used 10554K, capacity 11222K, committed 11312K, reserved 1048576K
}

