# JRE version: OpenJDK Runtime Environment (8.0_242-b01) (build 1.8.0_242-release-1644-b01)
# Java VM: OpenJDK 64-Bit Server VM (25.242-b01 mixed mode windows-amd64 compressed oops)
Heap:
 PSYoungGen      total 201728K, used 109350K [0x00000000d5580000, 0x00000000e6b00000, 0x0000000100000000)
  eden space 188928K, 51% used [0x00000000d5580000,0x00000000db3ce350,0x00000000e0e00000)
  from space 12800K, 99% used [0x00000000e0e00000,0x00000000e1a7b6b8,0x00000000e1a80000)
  to   space 15360K, 0% used [0x00000000e5c00000,0x00000000e5c00000,0x00000000e6b00000)
 ParOldGen       total 49152K, used 15682K [0x0000000080000000, 0x0000000083000000, 0x00000000d5580000)
  object space 49152K, 31% used [0x0000000080000000,0x0000000080f50900,0x0000000083000000)
 Metaspace       used 50996K, capacity 53050K, committed 53416K, reserved 1095680K
  class space    used 6820K, capacity 7247K, committed 7344K, reserved 1048576K
GC Heap History (10 events):
Event: 7.108 GC heap before
{Heap before GC invocations=9 (full 1):
 PSYoungGen      total 138752K, used 3748K [0x00000000d5580000, 0x00000000de680000, 0x0000000100000000)
  eden space 129024K, 0% used [0x00000000d5580000,0x00000000d5580000,0x00000000dd380000)
  from space 9728K, 38% used [0x00000000ddd00000,0x00000000de0a9050,0x00000000de680000)
  to   space 9728K, 0% used [0x00000000dd380000,0x00000000dd380000,0x00000000ddd00000)
 ParOldGen       total 44032K, used 8601K [0x0000000080000000, 0x0000000082b00000, 0x00000000d5580000)
  object space 44032K, 19% used [0x0000000080000000,0x0000000080866428,0x0000000082b00000)
 Metaspace       used 20585K, capacity 21224K, committed 21296K, reserved 1067008K
  class space    used 2872K, capacity 3076K, committed 3120K, reserved 1048576K
Event: 7.161 GC heap after
Heap after GC invocations=9 (full 1):
 PSYoungGen      total 138752K, used 0K [0x00000000d5580000, 0x00000000de680000, 0x0000000100000000)
  eden space 129024K, 0% used [0x00000000d5580000,0x00000000d5580000,0x00000000dd380000)
  from space 9728K, 0% used [0x00000000ddd00000,0x00000000ddd00000,0x00000000de680000)
  to   space 9728K, 0% used [0x00000000dd380000,0x00000000dd380000,0x00000000ddd00000)
 ParOldGen       total 30720K, used 6811K [0x0000000080000000, 0x0000000081e00000, 0x00000000d5580000)
  object space 30720K, 22% used [0x0000000080000000,0x00000000806a6c00,0x0000000081e00000)
 Metaspace       used 20585K, capacity 21224K, committed 21296K, reserved 1067008K
  class space    used 2872K, capacity 3076K, committed 3120K, reserved 1048576K
}
Event: 10.744 GC heap before
{Heap before GC invocations=10 (full 1):
 PSYoungGen      total 138752K, used 129024K [0x00000000d5580000, 0x00000000de680000, 0x0000000100000000)
  eden space 129024K, 100% used [0x00000000d5580000,0x00000000dd380000,0x00000000dd380000)
  from space 9728K, 0% used [0x00000000ddd00000,0x00000000ddd00000,0x00000000de680000)
  to   space 9728K, 0% used [0x00000000dd380000,0x00000000dd380000,0x00000000ddd00000)
 ParOldGen       total 30720K, used 6811K [0x0000000080000000, 0x0000000081e00000, 0x00000000d5580000)
  object space 30720K, 22% used [0x0000000080000000,0x00000000806a6c00,0x0000000081e00000)
 Metaspace       used 32763K, capacity 33802K, committed 33968K, reserved 1079296K
  class space    used 4468K, capacity 4751K, committed 4784K, reserved 1048576K
Event: 10.780 GC heap after
Heap after GC invocations=10 (full 1):
 PSYoungGen      total 138752K, used 9722K [0x00000000d5580000, 0x00000000e2700000, 0x0000000100000000)
  eden space 129024K, 0% used [0x00000000d5580000,0x00000000d5580000,0x00000000dd380000)
  from space 9728K, 99% used [0x00000000dd380000,0x00000000ddcfeb50,0x00000000ddd00000)
  to   space 12800K, 0% used [0x00000000e1a80000,0x00000000e1a80000,0x00000000e2700000)
 ParOldGen       total 30720K, used 11005K [0x0000000080000000, 0x0000000081e00000, 0x00000000d5580000)
  object space 30720K, 35% used [0x0000000080000000,0x0000000080abf788,0x0000000081e00000)
 Metaspace       used 32763K, capacity 33802K, committed 33968K, reserved 1079296K
  class space    used 4468K, capacity 4751K, committed 4784K, reserved 1048576K
}
Event: 11.520 GC heap before
{Heap before GC invocations=11 (full 1):
 PSYoungGen      total 138752K, used 40828K [0x00000000d5580000, 0x00000000e2700000, 0x0000000100000000)
  eden space 129024K, 24% used [0x00000000d5580000,0x00000000d73e0518,0x00000000dd380000)
  from space 9728K, 99% used [0x00000000dd380000,0x00000000ddcfeb50,0x00000000ddd00000)
  to   space 12800K, 0% used [0x00000000e1a80000,0x00000000e1a80000,0x00000000e2700000)
 ParOldGen       total 30720K, used 11005K [0x0000000080000000, 0x0000000081e00000, 0x00000000d5580000)
  object space 30720K, 35% used [0x0000000080000000,0x0000000080abf788,0x0000000081e00000)
 Metaspace       used 34315K, capacity 35414K, committed 35496K, reserved 1079296K
  class space    used 4714K, capacity 5002K, committed 5040K, reserved 1048576K
Event: 11.548 GC heap after
Heap after GC invocations=11 (full 1):
 PSYoungGen      total 201728K, used 8166K [0x00000000d5580000, 0x00000000e2880000, 0x0000000100000000)
  eden space 188928K, 0% used [0x00000000d5580000,0x00000000d5580000,0x00000000e0e00000)
  from space 12800K, 63% used [0x00000000e1a80000,0x00000000e2279b48,0x00000000e2700000)
  to   space 12800K, 0% used [0x00000000e0e00000,0x00000000e0e00000,0x00000000e1a80000)
 ParOldGen       total 30720K, used 11013K [0x0000000080000000, 0x0000000081e00000, 0x00000000d5580000)
  object space 30720K, 35% used [0x0000000080000000,0x0000000080ac1788,0x0000000081e00000)
 Metaspace       used 34315K, capacity 35414K, committed 35496K, reserved 1079296K
  class space    used 4714K, capacity 5002K, committed 5040K, reserved 1048576K
}
Event: 11.549 GC heap before
{Heap before GC invocations=12 (full 2):
 PSYoungGen      total 201728K, used 8166K [0x00000000d5580000, 0x00000000e2880000, 0x0000000100000000)
  eden space 188928K, 0% used [0x00000000d5580000,0x00000000d5580000,0x00000000e0e00000)
  from space 12800K, 63% used [0x00000000e1a80000,0x00000000e2279b48,0x00000000e2700000)
  to   space 12800K, 0% used [0x00000000e0e00000,0x00000000e0e00000,0x00000000e1a80000)
 ParOldGen       total 30720K, used 11013K [0x0000000080000000, 0x0000000081e00000, 0x00000000d5580000)
  object space 30720K, 35% used [0x0000000080000000,0x0000000080ac1788,0x0000000081e00000)
 Metaspace       used 34315K, capacity 35414K, committed 35496K, reserved 1079296K
  class space    used 4714K, capacity 5002K, committed 5040K, reserved 1048576K
Event: 11.736 GC heap after
Heap after GC invocations=12 (full 2):
 PSYoungGen      total 201728K, used 0K [0x00000000d5580000, 0x00000000e2880000, 0x0000000100000000)
  eden space 188928K, 0% used [0x00000000d5580000,0x00000000d5580000,0x00000000e0e00000)
  from space 12800K, 0% used [0x00000000e1a80000,0x00000000e1a80000,0x00000000e2700000)
  to   space 12800K, 0% used [0x00000000e0e00000,0x00000000e0e00000,0x00000000e1a80000)
 ParOldGen       total 49152K, used 14613K [0x0000000080000000, 0x0000000083000000, 0x00000000d5580000)
  object space 49152K, 29% used [0x0000000080000000,0x0000000080e45548,0x0000000083000000)
 Metaspace       used 34315K, capacity 35414K, committed 35496K, reserved 1079296K
  class space    used 4714K, capacity 5002K, committed 5040K, reserved 1048576K
}
Event: 15.340 GC heap before
{Heap before GC invocations=13 (full 2):
 PSYoungGen      total 201728K, used 188928K [0x00000000d5580000, 0x00000000e2880000, 0x0000000100000000)
  eden space 188928K, 100% used [0x00000000d5580000,0x00000000e0e00000,0x00000000e0e00000)
  from space 12800K, 0% used [0x00000000e1a80000,0x00000000e1a80000,0x00000000e2700000)
  to   space 12800K, 0% used [0x00000000e0e00000,0x00000000e0e00000,0x00000000e1a80000)
 ParOldGen       total 49152K, used 14613K [0x0000000080000000, 0x0000000083000000, 0x00000000d5580000)
  object space 49152K, 29% used [0x0000000080000000,0x0000000080e45548,0x0000000083000000)
 Metaspace       used 44056K, capacity 45814K, committed 45992K, reserved 1089536K
  class space    used 5965K, capacity 6317K, committed 6320K, reserved 1048576K
Event: 15.516 GC heap after
Heap after GC invocations=13 (full 2):
 PSYoungGen      total 201728K, used 12781K [0x00000000d5580000, 0x00000000e6b00000, 0x0000000100000000)
  eden space 188928K, 0% used [0x00000000d5580000,0x00000000d5580000,0x00000000e0e00000)
  from space 12800K, 99% used [0x00000000e0e00000,0x00000000e1a7b6b8,0x00000000e1a80000)
  to   space 15360K, 0% used [0x00000000e5c00000,0x00000000e5c00000,0x00000000e6b00000)
 ParOldGen       total 49152K, used 15682K [0x0000000080000000, 0x0000000083000000, 0x00000000d5580000)
  object space 49152K, 31% used [0x0000000080000000,0x0000000080f50900,0x0000000083000000)
 Metaspace       used 44056K, capacity 45814K, committed 45992K, reserved 1089536K
  class space    used 5965K, capacity 6317K, committed 6320K, reserved 1048576K
}

